<?xml version="1.0" encoding="utf-8"?><testsuites name="pytest tests"><testsuite name="pytest" errors="0" failures="0" skipped="0" tests="15" time="74.446" timestamp="2026-03-24T19:07:47.760242-07:00" hostname="craig"><testcase classname="tests.test_dynamic_programming.TestDynamicProgrammingAlgorithm" name="test_name" time="0.032" /><testcase classname="tests.test_dynamic_programming.TestDynamicProgrammingAlgorithm" name="test_returns_dict" time="0.001" /><testcase classname="tests.test_dynamic_programming.TestDynamicProgrammingAlgorithm" name="test_completeness" time="0.000" /><testcase classname="tests.test_dynamic_programming.TestDynamicProgrammingAlgorithm" name="test_valid_actions" time="0.000" /><testcase classname="tests.test_dynamic_programming.TestDynamicProgrammingAlgorithm" name="test_hard_17_plus_stand" time="0.000" /><testcase classname="tests.test_dynamic_programming.TestDynamicProgrammingAlgorithm" name="test_hard_4_to_8_hit" time="0.000" /><testcase classname="tests.test_dynamic_programming.TestDynamicProgrammingAlgorithm" name="test_hard_11_doubles_vs_low" time="0.000" /><testcase classname="tests.test_dynamic_programming.TestDynamicProgrammingAlgorithm" name="test_hard_12_vs_4_stand" time="0.000" /><testcase classname="tests.test_dynamic_programming.TestDynamicProgrammingAlgorithm" name="test_hard_12_vs_2_hit" time="0.000" /><testcase classname="tests.test_dynamic_programming.TestDynamicProgrammingAlgorithm" name="test_hard_16_vs_10_hit" time="0.000" /><testcase classname="tests.test_dynamic_programming.TestDynamicProgrammingAlgorithm" name="test_states_explored" time="0.000" /><testcase classname="tests.test_dynamic_programming.TestDynamicProgrammingAlgorithm" name="test_high_accuracy_vs_optimal" time="0.000" /><testcase classname="tests.test_dynamic_programming.TestDynamicProgrammingAlgorithm" name="test_memo_cache_populated" time="0.001" /><testcase classname="tests.test_dynamic_programming.TestDynamicProgrammingAlgorithm" name="test_matches_brute_force" time="74.352" /><testcase classname="tests.test_dynamic_programming.TestDynamicProgrammingAlgorithm" name="test_faster_than_brute_force" time="0.000" /></testsuite></testsuites>